########### array before sorts ###########
0	5.000000	0.000000	95.000000	0.000000	n
1	95.000000	0.000000	96.294095	0.170371	n
2	96.294095	0.170371	97.500000	0.669873	n
3	97.500000	0.669873	98.535534	1.464466	n
4	98.535534	1.464466	99.330127	2.500000	n
5	99.330127	2.500000	99.829629	3.705905	n
6	99.829629	3.705905	100.000000	5.000000	n
7	100.000000	5.000000	100.000000	85.000000	n
8	100.000000	85.000000	99.829629	86.294095	n
9	99.829629	86.294095	99.330127	87.500000	n
10	99.330127	87.500000	98.535534	88.535534	n
11	98.535534	88.535534	97.500000	89.330127	n
12	97.500000	89.330127	96.294095	89.829629	n
13	96.294095	89.829629	95.000000	90.000000	n
14	95.000000	90.000000	5.000000	90.000000	n
15	5.000000	90.000000	3.705905	89.829629	n
16	3.705905	89.829629	2.500000	89.330127	n
17	2.500000	89.330127	1.464466	88.535534	n
18	1.464466	88.535534	0.669873	87.500000	n
19	0.669873	87.500000	0.170371	86.294095	n
20	0.170371	86.294095	0.000000	85.000000	n
21	0.000000	85.000000	0.000000	5.000000	n
22	0.000000	5.000000	0.170371	3.705905	n
23	0.170371	3.705905	0.669873	2.500000	n
24	0.669873	2.500000	1.464466	1.464466	n
25	1.464466	1.464466	2.500000	0.669873	n
26	2.500000	0.669873	3.705905	0.170371	n
27	3.705905	0.170371	5.000000	0.000000	n
Tolerance=0.050000.
*Exact match for i=0 and j=1.
*i point 5.000000	0.000000	95.000000	0.000000	y
*Exact match for i=1 and j=2.
*i point 95.000000	0.000000	96.294095	0.170371	y
*Exact match for i=2 and j=3.
*i point 96.294095	0.170371	97.500000	0.669873	y
*Exact match for i=3 and j=4.
*i point 97.500000	0.669873	98.535534	1.464466	y
*Exact match for i=4 and j=5.
*i point 98.535534	1.464466	99.330127	2.500000	y
*Exact match for i=5 and j=6.
*i point 99.330127	2.500000	99.829629	3.705905	y
*Exact match for i=6 and j=7.
*i point 99.829629	3.705905	100.000000	5.000000	y
*Exact match for i=7 and j=8.
*i point 100.000000	5.000000	100.000000	85.000000	y
*Exact match for i=8 and j=9.
*i point 100.000000	85.000000	99.829629	86.294095	y
*Exact match for i=9 and j=10.
*i point 99.829629	86.294095	99.330127	87.500000	y
*Exact match for i=10 and j=11.
*i point 99.330127	87.500000	98.535534	88.535534	y
*Exact match for i=11 and j=12.
*i point 98.535534	88.535534	97.500000	89.330127	y
*Exact match for i=12 and j=13.
*i point 97.500000	89.330127	96.294095	89.829629	y
*Exact match for i=13 and j=14.
*i point 96.294095	89.829629	95.000000	90.000000	y
*Exact match for i=14 and j=15.
*i point 95.000000	90.000000	5.000000	90.000000	y
*Exact match for i=15 and j=16.
*i point 5.000000	90.000000	3.705905	89.829629	y
*Exact match for i=16 and j=17.
*i point 3.705905	89.829629	2.500000	89.330127	y
*Exact match for i=17 and j=18.
*i point 2.500000	89.330127	1.464466	88.535534	y
*Exact match for i=18 and j=19.
*i point 1.464466	88.535534	0.669873	87.500000	y
*Exact match for i=19 and j=20.
*i point 0.669873	87.500000	0.170371	86.294095	y
*Exact match for i=20 and j=21.
*i point 0.170371	86.294095	0.000000	85.000000	y
*Exact match for i=21 and j=22.
*i point 0.000000	85.000000	0.000000	5.000000	y
*Exact match for i=22 and j=23.
*i point 0.000000	5.000000	0.170371	3.705905	y
*Exact match for i=23 and j=24.
*i point 0.170371	3.705905	0.669873	2.500000	y
*Exact match for i=24 and j=25.
*i point 0.669873	2.500000	1.464466	1.464466	y
*Exact match for i=25 and j=26.
*i point 1.464466	1.464466	2.500000	0.669873	y
*Exact match for i=26 and j=27.
*i point 2.500000	0.669873	3.705905	0.170371	y
########### array after sorts ###########
0	5.000000	0.000000	95.000000	0.000000	y
1	95.000000	0.000000	96.294095	0.170371	y
2	96.294095	0.170371	97.500000	0.669873	y
3	97.500000	0.669873	98.535534	1.464466	y
4	98.535534	1.464466	99.330127	2.500000	y
5	99.330127	2.500000	99.829629	3.705905	y
6	99.829629	3.705905	100.000000	5.000000	y
7	100.000000	5.000000	100.000000	85.000000	y
8	100.000000	85.000000	99.829629	86.294095	y
9	99.829629	86.294095	99.330127	87.500000	y
10	99.330127	87.500000	98.535534	88.535534	y
11	98.535534	88.535534	97.500000	89.330127	y
12	97.500000	89.330127	96.294095	89.829629	y
13	96.294095	89.829629	95.000000	90.000000	y
14	95.000000	90.000000	5.000000	90.000000	y
15	5.000000	90.000000	3.705905	89.829629	y
16	3.705905	89.829629	2.500000	89.330127	y
17	2.500000	89.330127	1.464466	88.535534	y
18	1.464466	88.535534	0.669873	87.500000	y
19	0.669873	87.500000	0.170371	86.294095	y
20	0.170371	86.294095	0.000000	85.000000	y
21	0.000000	85.000000	0.000000	5.000000	y
22	0.000000	5.000000	0.170371	3.705905	y
23	0.170371	3.705905	0.669873	2.500000	y
24	0.669873	2.500000	1.464466	1.464466	y
25	1.464466	1.464466	2.500000	0.669873	y
26	2.500000	0.669873	3.705905	0.170371	y
27	3.705905	0.170371	5.000000	0.000000	y
***************
.BOARD_OUTLINE UNOWNED
1.6
0     5.000000     0.000000     0
0     95.000000     0.000000     0
0     96.294095     0.170371     0
0     97.500000     0.669873     0
0     98.535534     1.464466     0
0     99.330127     2.500000     0
0     99.829629     3.705905     0
0     100.000000     5.000000     0
0     100.000000     85.000000     0
0     99.829629     86.294095     0
0     99.330127     87.500000     0
0     98.535534     88.535534     0
0     97.500000     89.330127     0
0     96.294095     89.829629     0
0     95.000000     90.000000     0
0     5.000000     90.000000     0
0     3.705905     89.829629     0
0     2.500000     89.330127     0
0     1.464466     88.535534     0
0     0.669873     87.500000     0
0     0.170371     86.294095     0
0     0.000000     85.000000     0
0     0.000000     5.000000     0
0     0.170371     3.705905     0
0     0.669873     2.500000     0
0     1.464466     1.464466     0
0     2.500000     0.669873     0
0     3.705905     0.170371     0
0     5.000000     0.000000     0
